<?xml version="1.0" encoding="UTF-8"?>
<testng-results total="1" passed="1" failed="0" skipped="0">
  <reporter-output>
  </reporter-output>
  <suite started-at="2023-08-18T11:44:48Z" name="Default suite" finished-at="2023-08-18T11:44:51Z" duration-ms="2337">
    <groups>
    </groups>
    <test started-at="2023-08-18T11:44:48Z" name="Default test" finished-at="2023-08-18T11:44:51Z" duration-ms="2337">
      <class name="com.assesment.Testcases">
        <test-method is-config="true" signature="launch()[pri:0, instance:com.assesment.Testcases@be68757]" started-at="2023-08-18T17:14:48Z" name="launch" finished-at="2023-08-18T17:14:51Z" duration-ms="2167" status="PASS">
          <reporter-output>
          </reporter-output>
        </test-method> <!-- launch -->
        <test-method signature="test_check_query_input_and_search_button_existence()[pri:0, instance:com.assesment.Testcases@be68757]" started-at="2023-08-18T17:14:51Z" name="test_check_query_input_and_search_button_existence" finished-at="2023-08-18T17:14:51Z" duration-ms="50" status="PASS">
          <reporter-output>
          </reporter-output>
        </test-method> <!-- test_check_query_input_and_search_button_existence -->
        <test-method is-config="true" signature="quitBrowser()[pri:0, instance:com.assesment.Testcases@be68757]" started-at="2023-08-18T17:14:51Z" name="quitBrowser" finished-at="2023-08-18T17:14:51Z" duration-ms="110" status="PASS">
          <reporter-output>
          </reporter-output>
        </test-method> <!-- quitBrowser -->
      </class> <!-- com.assesment.Testcases -->
    </test> <!-- Default test -->
  </suite> <!-- Default suite -->
</testng-results>
