<?xml version="1.0" encoding="UTF-8"?>
<testng-results total="1" passed="1" failed="0" skipped="0">
  <reporter-output>
  </reporter-output>
  <suite started-at="2023-08-18T09:38:31Z" name="Default suite" finished-at="2023-08-18T09:38:34Z" duration-ms="2160">
    <groups>
    </groups>
    <test started-at="2023-08-18T09:38:31Z" name="Default test" finished-at="2023-08-18T09:38:34Z" duration-ms="2160">
      <class name="com.assesment.pirate">
        <test-method is-config="true" signature="launch()[pri:0, instance:com.assesment.pirate@be68757]" started-at="2023-08-18T15:08:31Z" name="launch" finished-at="2023-08-18T15:08:33Z" duration-ms="2006" status="PASS">
          <reporter-output>
          </reporter-output>
        </test-method> <!-- launch -->
        <test-method signature="test_check_query_input_and_search_button_existence()[pri:0, instance:com.assesment.pirate@be68757]" started-at="2023-08-18T15:08:33Z" name="test_check_query_input_and_search_button_existence" finished-at="2023-08-18T15:08:33Z" duration-ms="38" status="PASS">
          <reporter-output>
          </reporter-output>
        </test-method> <!-- test_check_query_input_and_search_button_existence -->
        <test-method is-config="true" signature="quitBrowser()[pri:0, instance:com.assesment.pirate@be68757]" started-at="2023-08-18T15:08:33Z" name="quitBrowser" finished-at="2023-08-18T15:08:34Z" duration-ms="104" status="PASS">
          <reporter-output>
          </reporter-output>
        </test-method> <!-- quitBrowser -->
      </class> <!-- com.assesment.pirate -->
    </test> <!-- Default test -->
  </suite> <!-- Default suite -->
</testng-results>
